<?xml version="1.0" encoding="UTF-8"?>
<robot generator="Robot 3.2.1 (Python 3.9.6 on win32)" generated="20210705 19:40:34.376" rpa="false">
<suite id="s1" name="TestSuite1" source="E:\ProgrammingTutorialsYouTube\Eclipse_2021\RobotProject1\test\TestSuite1.robot">
<kw name="TestSuiteSetup" type="setup">
<kw name="Log" library="BuiltIn">
<doc>Logs the given message with the given level.</doc>
<arguments>
<arg>I am inside Test Suite Setup</arg>
</arguments>
<msg timestamp="20210705 19:40:34.687" level="INFO">I am inside Test Suite Setup</msg>
<status status="PASS" starttime="20210705 19:40:34.687" endtime="20210705 19:40:34.687"></status>
</kw>
<status status="PASS" starttime="20210705 19:40:34.687" endtime="20210705 19:40:34.687"></status>
</kw>
<test id="s1-t1" name="FirstRobotTest">
<kw name="TestSetup" type="setup">
<kw name="Log" library="BuiltIn">
<doc>Logs the given message with the given level.</doc>
<arguments>
<arg>I am inside Test Setup</arg>
</arguments>
<msg timestamp="20210705 19:40:34.689" level="INFO">I am inside Test Setup</msg>
<status status="PASS" starttime="20210705 19:40:34.689" endtime="20210705 19:40:34.689"></status>
</kw>
<status status="PASS" starttime="20210705 19:40:34.688" endtime="20210705 19:40:34.689"></status>
</kw>
<kw name="Log" library="BuiltIn">
<doc>Logs the given message with the given level.</doc>
<arguments>
<arg>Hello World...</arg>
</arguments>
<msg timestamp="20210705 19:40:34.690" level="INFO">Hello World...</msg>
<status status="PASS" starttime="20210705 19:40:34.690" endtime="20210705 19:40:34.690"></status>
</kw>
<kw name="TestTeardown" type="teardown">
<kw name="Log" library="BuiltIn">
<doc>Logs the given message with the given level.</doc>
<arguments>
<arg>I am inside Test Teardown</arg>
</arguments>
<msg timestamp="20210705 19:40:34.691" level="INFO">I am inside Test Teardown</msg>
<status status="PASS" starttime="20210705 19:40:34.691" endtime="20210705 19:40:34.691"></status>
</kw>
<status status="PASS" starttime="20210705 19:40:34.691" endtime="20210705 19:40:34.692"></status>
</kw>
<tags>
<tag>smoke</tag>
</tags>
<status status="PASS" starttime="20210705 19:40:34.688" endtime="20210705 19:40:34.692" critical="yes"></status>
</test>
<kw name="TestSuiteTeardown" type="teardown">
<kw name="Log" library="BuiltIn">
<doc>Logs the given message with the given level.</doc>
<arguments>
<arg>I am inside Test Suite Teardown</arg>
</arguments>
<msg timestamp="20210705 19:40:34.695" level="INFO">I am inside Test Suite Teardown</msg>
<status status="PASS" starttime="20210705 19:40:34.695" endtime="20210705 19:40:34.695"></status>
</kw>
<status status="PASS" starttime="20210705 19:40:34.695" endtime="20210705 19:40:34.695"></status>
</kw>
<status status="PASS" starttime="20210705 19:40:34.379" endtime="20210705 19:40:34.695"></status>
</suite>
<statistics>
<total>
<stat pass="1" fail="0">Critical Tests</stat>
<stat pass="1" fail="0">All Tests</stat>
</total>
<tag>
<stat pass="1" fail="0">smoke</stat>
</tag>
<suite>
<stat pass="1" fail="0" id="s1" name="TestSuite1">TestSuite1</stat>
</suite>
</statistics>
<errors>
</errors>
</robot>
